[07-Sep-2017 17:27:30 UTC] PHP Parse error:  syntax error, unexpected '")"' (T_CONSTANT_ENCAPSED_STRING), expecting ',' or ';' in /home/ubuntu/workspace/anorli/practice/randomBgColor.php on line 10
[07-Sep-2017 17:58:02 UTC] PHP Parse error:  syntax error, unexpected ',' in /home/ubuntu/workspace/anorli/practice/randomBgColor.php on line 3
[07-Sep-2017 17:58:28 UTC] PHP Parse error:  syntax error, unexpected '";' (T_CONSTANT_ENCAPSED_STRING) in /home/ubuntu/workspace/anorli/practice/randomBgColor.php on line 11
[07-Sep-2017 18:06:20 UTC] PHP Parse error:  syntax error, unexpected '?' in /home/ubuntu/workspace/anorli/practice/randomBgColor.php on line 19
[05-Nov-2017 23:47:13 UTC] PHP Warning:  include(../../dbConnection.php): failed to open stream: No such file or directory in /home/ubuntu/workspace/anorli/final/index.php on line 2
[05-Nov-2017 23:47:13 UTC] PHP Stack trace:
[05-Nov-2017 23:47:13 UTC] PHP   1. {main}() /home/ubuntu/workspace/anorli/final/index.php:0
[05-Nov-2017 23:47:13 UTC] PHP Warning:  include(): Failed opening '../../dbConnection.php' for inclusion (include_path='.:/usr/share/php:/usr/share/pear') in /home/ubuntu/workspace/anorli/final/index.php on line 2
[05-Nov-2017 23:47:13 UTC] PHP Stack trace:
[05-Nov-2017 23:47:13 UTC] PHP   1. {main}() /home/ubuntu/workspace/anorli/final/index.php:0
[05-Nov-2017 23:47:13 UTC] PHP Fatal error:  Call to undefined function exe() in /home/ubuntu/workspace/anorli/final/index.php on line 8
[05-Nov-2017 23:47:13 UTC] PHP Stack trace:
[05-Nov-2017 23:47:13 UTC] PHP   1. {main}() /home/ubuntu/workspace/anorli/final/index.php:0
[05-Nov-2017 23:47:13 UTC] PHP   2. getColumn() /home/ubuntu/workspace/anorli/final/index.php:89
[05-Nov-2017 23:48:51 UTC] PHP Parse error:  syntax error, unexpected 'function' (T_FUNCTION) in /home/ubuntu/workspace/anorli/final/index.php on line 4
[05-Nov-2017 23:57:14 UTC] PHP Fatal error:  Uncaught exception 'PDOException' with message 'SQLSTATE[42S02]: Base table or view not found: 1146 Table 'final.q_author' doesn't exist' in /home/ubuntu/workspace/anorli/final/dbConnection.php:36
Stack trace:
#0 /home/ubuntu/workspace/anorli/final/dbConnection.php(36): PDOStatement->execute()
#1 /home/ubuntu/workspace/anorli/final/dbConnection.php(45): exe('SELECT DISTINCT...')
#2 /home/ubuntu/workspace/anorli/final/index.php(75): getColumn('country', 'q_author')
#3 {main}
  thrown in /home/ubuntu/workspace/anorli/final/dbConnection.php on line 36
[06-Nov-2017 00:02:28 UTC] PHP Fatal error:  Uncaught exception 'PDOException' with message 'SQLSTATE[42S02]: Base table or view not found: 1146 Table 'final.q_category' doesn't exist' in /home/ubuntu/workspace/anorli/final/dbConnection.php:36
Stack trace:
#0 /home/ubuntu/workspace/anorli/final/dbConnection.php(36): PDOStatement->execute()
#1 /home/ubuntu/workspace/anorli/final/dbConnection.php(45): exe('SELECT DISTINCT...')
#2 /home/ubuntu/workspace/anorli/final/index.php(56): getColumn('category', 'q_category')
#3 {main}
  thrown in /home/ubuntu/workspace/anorli/final/dbConnection.php on line 36
[06-Nov-2017 00:03:21 UTC] PHP Parse error:  syntax error, unexpected '?>' in /home/ubuntu/workspace/anorli/final/index.php on line 56
[06-Nov-2017 00:03:27 UTC] PHP Parse error:  syntax error, unexpected '?>' in /home/ubuntu/workspace/anorli/final/index.php on line 56
[06-Nov-2017 00:03:59 UTC] PHP Fatal error:  Uncaught exception 'PDOException' with message 'SQLSTATE[42S02]: Base table or view not found: 1146 Table 'final.q_category' doesn't exist' in /home/ubuntu/workspace/anorli/final/dbConnection.php:36
Stack trace:
#0 /home/ubuntu/workspace/anorli/final/dbConnection.php(36): PDOStatement->execute()
#1 /home/ubuntu/workspace/anorli/final/dbConnection.php(45): exe('SELECT DISTINCT...')
#2 /home/ubuntu/workspace/anorli/final/index.php(56): getColumn('category', 'q_category')
#3 {main}
  thrown in /home/ubuntu/workspace/anorli/final/dbConnection.php on line 36
[06-Nov-2017 00:04:18 UTC] PHP Fatal error:  Uncaught exception 'PDOException' with message 'SQLSTATE[42S22]: Column not found: 1054 Unknown column 'country' in 'where clause'' in /home/ubuntu/workspace/anorli/final/dbConnection.php:25
Stack trace:
#0 /home/ubuntu/workspace/anorli/final/dbConnection.php(25): PDOStatement->execute(Array)
#1 /home/ubuntu/workspace/anorli/final/index.php(35): executeWithParameter('SELECT * ?     ...', Array)
#2 /home/ubuntu/workspace/anorli/final/index.php(77): displayProducts()
#3 {main}
  thrown in /home/ubuntu/workspace/anorli/final/dbConnection.php on line 25
[06-Nov-2017 00:07:24 UTC] PHP Fatal error:  Uncaught exception 'PDOException' with message 'SQLSTATE[42S22]: Column not found: 1054 Unknown column 'country' in 'where clause'' in /home/ubuntu/workspace/anorli/final/dbConnection.php:25
Stack trace:
#0 /home/ubuntu/workspace/anorli/final/dbConnection.php(25): PDOStatement->execute(Array)
#1 /home/ubuntu/workspace/anorli/final/index.php(35): executeWithParameter('SELECT * ?     ...', Array)
#2 /home/ubuntu/workspace/anorli/final/index.php(78): displayProducts()
#3 {main}
  thrown in /home/ubuntu/workspace/anorli/final/dbConnection.php on line 25
[06-Nov-2017 00:07:54 UTC] PHP Fatal error:  Uncaught exception 'PDOException' with message 'SQLSTATE[42S22]: Column not found: 1054 Unknown column 'quote' in 'where clause'' in /home/ubuntu/workspace/anorli/final/dbConnection.php:25
Stack trace:
#0 /home/ubuntu/workspace/anorli/final/dbConnection.php(25): PDOStatement->execute(Array)
#1 /home/ubuntu/workspace/anorli/final/index.php(35): executeWithParameter('SELECT * ?     ...', Array)
#2 /home/ubuntu/workspace/anorli/final/index.php(78): displayProducts()
#3 {main}
  thrown in /home/ubuntu/workspace/anorli/final/dbConnection.php on line 25
[06-Nov-2017 00:10:59 UTC] PHP Fatal error:  Uncaught exception 'PDOException' with message 'SQLSTATE[42S22]: Column not found: 1054 Unknown column 'category' in 'where clause'' in /home/ubuntu/workspace/anorli/final/dbConnection.php:25
Stack trace:
#0 /home/ubuntu/workspace/anorli/final/dbConnection.php(25): PDOStatement->execute(Array)
#1 /home/ubuntu/workspace/anorli/final/index.php(33): executeWithParameter('SELECT * ?     ...', Array)
#2 /home/ubuntu/workspace/anorli/final/index.php(79): displayProducts()
#3 {main}
  thrown in /home/ubuntu/workspace/anorli/final/dbConnection.php on line 25
[06-Nov-2017 00:48:23 UTC] PHP Fatal error:  Uncaught exception 'PDOException' with message 'SQLSTATE[42S22]: Column not found: 1054 Unknown column 'category' in 'where clause'' in /home/ubuntu/workspace/anorli/final/dbConnection.php:25
Stack trace:
#0 /home/ubuntu/workspace/anorli/final/dbConnection.php(25): PDOStatement->execute(Array)
#1 /home/ubuntu/workspace/anorli/final/index.php(33): executeWithParameter('SELECT * ?     ...', Array)
#2 /home/ubuntu/workspace/anorli/final/index.php(80): displayProducts()
#3 {main}
  thrown in /home/ubuntu/workspace/anorli/final/dbConnection.php on line 25
[06-Nov-2017 00:48:30 UTC] PHP Fatal error:  Uncaught exception 'PDOException' with message 'SQLSTATE[42S22]: Column not found: 1054 Unknown column 'category' in 'where clause'' in /home/ubuntu/workspace/anorli/final/dbConnection.php:25
Stack trace:
#0 /home/ubuntu/workspace/anorli/final/dbConnection.php(25): PDOStatement->execute(Array)
#1 /home/ubuntu/workspace/anorli/final/index.php(33): executeWithParameter('SELECT * ?     ...', Array)
#2 /home/ubuntu/workspace/anorli/final/index.php(80): displayProducts()
#3 {main}
  thrown in /home/ubuntu/workspace/anorli/final/dbConnection.php on line 25
[06-Nov-2017 02:03:00 UTC] PHP Fatal error:  Uncaught exception 'PDOException' with message 'SQLSTATE[42S22]: Column not found: 1054 Unknown column 'quote' in 'where clause'' in /home/ubuntu/workspace/anorli/final/dbConnection.php:25
Stack trace:
#0 /home/ubuntu/workspace/anorli/final/dbConnection.php(25): PDOStatement->execute(Array)
#1 /home/ubuntu/workspace/anorli/final/index.php(33): executeWithParameter('SELECT * ?     ...', Array)
#2 /home/ubuntu/workspace/anorli/final/index.php(80): displayProducts()
#3 {main}
  thrown in /home/ubuntu/workspace/anorli/final/dbConnection.php on line 25
[05-Dec-2017 21:25:36 UTC] PHP Warning:  include(pages/dbConnection.php): failed to open stream: No such file or directory in /home/ubuntu/workspace/anorli/final/search.php on line 3
[05-Dec-2017 21:25:36 UTC] PHP Stack trace:
[05-Dec-2017 21:25:36 UTC] PHP   1. {main}() /home/ubuntu/workspace/anorli/final/search.php:0
[05-Dec-2017 21:25:36 UTC] PHP Warning:  include(): Failed opening 'pages/dbConnection.php' for inclusion (include_path='.:/usr/share/php:/usr/share/pear') in /home/ubuntu/workspace/anorli/final/search.php on line 3
[05-Dec-2017 21:25:36 UTC] PHP Stack trace:
[05-Dec-2017 21:25:36 UTC] PHP   1. {main}() /home/ubuntu/workspace/anorli/final/search.php:0
[05-Dec-2017 21:25:36 UTC] PHP Fatal error:  Call to undefined function getDBConnection() in /home/ubuntu/workspace/anorli/final/search.php on line 4
[05-Dec-2017 21:25:36 UTC] PHP Stack trace:
[05-Dec-2017 21:25:36 UTC] PHP   1. {main}() /home/ubuntu/workspace/anorli/final/search.php:0
[05-Dec-2017 21:26:12 UTC] PHP Fatal error:  Uncaught exception 'PDOException' with message 'SQLSTATE[HY093]: Invalid parameter number: no parameters were bound' in /home/ubuntu/workspace/anorli/final/dbConnection.php:36
Stack trace:
#0 /home/ubuntu/workspace/anorli/final/dbConnection.php(36): PDOStatement->execute()
#1 /home/ubuntu/workspace/anorli/final/search.php(33): exe('SELECT * ?     ...')
#2 {main}
  thrown in /home/ubuntu/workspace/anorli/final/dbConnection.php on line 36
[06-Dec-2017 07:19:18 UTC] PHP Fatal error:  Call to undefined function getColumn() in /home/ubuntu/workspace/anorli/final/index.php on line 21
[06-Dec-2017 07:19:18 UTC] PHP Stack trace:
[06-Dec-2017 07:19:18 UTC] PHP   1. {main}() /home/ubuntu/workspace/anorli/final/index.php:0
[06-Dec-2017 07:20:31 UTC] PHP Fatal error:  Call to undefined function getColumn() in /home/ubuntu/workspace/anorli/final/index.php on line 22
[06-Dec-2017 07:20:31 UTC] PHP Stack trace:
[06-Dec-2017 07:20:31 UTC] PHP   1. {main}() /home/ubuntu/workspace/anorli/final/index.php:0
