[07-Dec-2017 08:32:10 UTC] PHP Parse error:  syntax error, unexpected '}', expecting ',' or ';' in /home/ubuntu/workspace/anorli/final/pages/admin.php on line 25
[07-Dec-2017 08:32:15 UTC] PHP Parse error:  syntax error, unexpected '}', expecting ',' or ';' in /home/ubuntu/workspace/anorli/final/pages/admin.php on line 25
[07-Dec-2017 08:32:15 UTC] PHP Parse error:  syntax error, unexpected '}', expecting ',' or ';' in /home/ubuntu/workspace/anorli/final/pages/admin.php on line 25
[07-Dec-2017 08:32:17 UTC] PHP Parse error:  syntax error, unexpected '}', expecting ',' or ';' in /home/ubuntu/workspace/anorli/final/pages/admin.php on line 25
[07-Dec-2017 08:32:21 UTC] PHP Parse error:  syntax error, unexpected '}', expecting ',' or ';' in /home/ubuntu/workspace/anorli/final/pages/admin.php on line 25
[07-Dec-2017 08:35:08 UTC] PHP Parse error:  syntax error, unexpected '}', expecting ',' or ';' in /home/ubuntu/workspace/anorli/final/pages/admin.php on line 25
[07-Dec-2017 08:35:10 UTC] PHP Parse error:  syntax error, unexpected '}', expecting ',' or ';' in /home/ubuntu/workspace/anorli/final/pages/admin.php on line 25
[07-Dec-2017 08:35:14 UTC] PHP Parse error:  syntax error, unexpected '}', expecting ',' or ';' in /home/ubuntu/workspace/anorli/final/pages/admin.php on line 25
[07-Dec-2017 08:35:18 UTC] PHP Parse error:  syntax error, unexpected '}', expecting ',' or ';' in /home/ubuntu/workspace/anorli/final/pages/admin.php on line 25
[07-Dec-2017 08:35:23 UTC] PHP Parse error:  syntax error, unexpected '}', expecting ',' or ';' in /home/ubuntu/workspace/anorli/final/pages/admin.php on line 25
[07-Dec-2017 08:40:38 UTC] PHP Parse error:  syntax error, unexpected '}', expecting ',' or ';' in /home/ubuntu/workspace/anorli/final/pages/admin.php on line 35
[07-Dec-2017 08:40:39 UTC] PHP Parse error:  syntax error, unexpected '}', expecting ',' or ';' in /home/ubuntu/workspace/anorli/final/pages/admin.php on line 35
[07-Dec-2017 08:40:40 UTC] PHP Parse error:  syntax error, unexpected '}', expecting ',' or ';' in /home/ubuntu/workspace/anorli/final/pages/admin.php on line 35
[07-Dec-2017 08:40:45 UTC] PHP Parse error:  syntax error, unexpected '}', expecting ',' or ';' in /home/ubuntu/workspace/anorli/final/pages/admin.php on line 35
[07-Dec-2017 08:43:11 UTC] PHP Parse error:  syntax error, unexpected 'echo' (T_ECHO), expecting ',' or ';' in /home/ubuntu/workspace/anorli/final/pages/admin.php on line 34
[07-Dec-2017 08:43:14 UTC] PHP Parse error:  syntax error, unexpected 'echo' (T_ECHO), expecting ',' or ';' in /home/ubuntu/workspace/anorli/final/pages/admin.php on line 34
[07-Dec-2017 08:43:19 UTC] PHP Parse error:  syntax error, unexpected 'echo' (T_ECHO), expecting ',' or ';' in /home/ubuntu/workspace/anorli/final/pages/admin.php on line 34
[07-Dec-2017 08:57:19 UTC] PHP Fatal error:  Allowed memory size of 134217728 bytes exhausted (tried to allocate 72 bytes) in /home/ubuntu/workspace/anorli/final/pages/report.php on line 19
[07-Dec-2017 08:57:19 UTC] PHP Stack trace:
[07-Dec-2017 08:57:19 UTC] PHP   1. {main}() /home/ubuntu/workspace/anorli/final/pages/report.php:0
[07-Dec-2017 08:57:52 UTC] PHP Parse error:  syntax error, unexpected '}' in /home/ubuntu/workspace/anorli/final/pages/report.php on line 20
[07-Dec-2017 08:58:00 UTC] PHP Fatal error:  Call to undefined function push() in /home/ubuntu/workspace/anorli/final/pages/report.php on line 19
[07-Dec-2017 08:58:00 UTC] PHP Stack trace:
[07-Dec-2017 08:58:00 UTC] PHP   1. {main}() /home/ubuntu/workspace/anorli/final/pages/report.php:0
[07-Dec-2017 08:58:33 UTC] PHP Fatal error:  Allowed memory size of 134217728 bytes exhausted (tried to allocate 72 bytes) in /home/ubuntu/workspace/anorli/final/pages/report.php on line 19
[07-Dec-2017 08:58:33 UTC] PHP Stack trace:
[07-Dec-2017 08:58:33 UTC] PHP   1. {main}() /home/ubuntu/workspace/anorli/final/pages/report.php:0
[07-Dec-2017 09:00:46 UTC] PHP Warning:  mysqli_query() expects at least 2 parameters, 1 given in /home/ubuntu/workspace/anorli/final/pages/report.php on line 15
[07-Dec-2017 09:00:46 UTC] PHP Stack trace:
[07-Dec-2017 09:00:46 UTC] PHP   1. {main}() /home/ubuntu/workspace/anorli/final/pages/report.php:0
[07-Dec-2017 09:00:46 UTC] PHP   2. mysqli_query() /home/ubuntu/workspace/anorli/final/pages/report.php:15
[07-Dec-2017 09:00:46 UTC] PHP Warning:  mysqli_fetch_assoc() expects parameter 1 to be mysqli_result, null given in /home/ubuntu/workspace/anorli/final/pages/report.php on line 17
[07-Dec-2017 09:00:46 UTC] PHP Stack trace:
[07-Dec-2017 09:00:46 UTC] PHP   1. {main}() /home/ubuntu/workspace/anorli/final/pages/report.php:0
[07-Dec-2017 09:00:46 UTC] PHP   2. mysqli_fetch_assoc() /home/ubuntu/workspace/anorli/final/pages/report.php:17
[07-Dec-2017 09:01:51 UTC] PHP Warning:  mysqli_query() expects parameter 1 to be mysqli, string given in /home/ubuntu/workspace/anorli/final/pages/report.php on line 15
[07-Dec-2017 09:01:51 UTC] PHP Stack trace:
[07-Dec-2017 09:01:51 UTC] PHP   1. {main}() /home/ubuntu/workspace/anorli/final/pages/report.php:0
[07-Dec-2017 09:01:51 UTC] PHP   2. mysqli_query() /home/ubuntu/workspace/anorli/final/pages/report.php:15
[07-Dec-2017 09:01:51 UTC] PHP Warning:  mysqli_fetch_assoc() expects parameter 1 to be mysqli_result, null given in /home/ubuntu/workspace/anorli/final/pages/report.php on line 17
[07-Dec-2017 09:01:51 UTC] PHP Stack trace:
[07-Dec-2017 09:01:51 UTC] PHP   1. {main}() /home/ubuntu/workspace/anorli/final/pages/report.php:0
[07-Dec-2017 09:01:51 UTC] PHP   2. mysqli_fetch_assoc() /home/ubuntu/workspace/anorli/final/pages/report.php:17
[07-Dec-2017 09:02:43 UTC] PHP Warning:  mysqli_query() expects parameter 1 to be mysqli, string given in /home/ubuntu/workspace/anorli/final/pages/report.php on line 15
[07-Dec-2017 09:02:43 UTC] PHP Stack trace:
[07-Dec-2017 09:02:43 UTC] PHP   1. {main}() /home/ubuntu/workspace/anorli/final/pages/report.php:0
[07-Dec-2017 09:02:43 UTC] PHP   2. mysqli_query() /home/ubuntu/workspace/anorli/final/pages/report.php:15
[07-Dec-2017 09:02:43 UTC] PHP Warning:  mysqli_fetch_assoc() expects parameter 1 to be mysqli_result, null given in /home/ubuntu/workspace/anorli/final/pages/report.php on line 17
[07-Dec-2017 09:02:43 UTC] PHP Stack trace:
[07-Dec-2017 09:02:43 UTC] PHP   1. {main}() /home/ubuntu/workspace/anorli/final/pages/report.php:0
[07-Dec-2017 09:02:43 UTC] PHP   2. mysqli_fetch_assoc() /home/ubuntu/workspace/anorli/final/pages/report.php:17
[07-Dec-2017 09:13:32 UTC] PHP Fatal error:  Allowed memory size of 134217728 bytes exhausted (tried to allocate 72 bytes) in /home/ubuntu/workspace/anorli/final/pages/report.php on line 23
[07-Dec-2017 09:13:32 UTC] PHP Stack trace:
[07-Dec-2017 09:13:32 UTC] PHP   1. {main}() /home/ubuntu/workspace/anorli/final/pages/report.php:0
[07-Dec-2017 09:15:07 UTC] PHP Warning:  mysql_query(): Access denied for user ''@'localhost' (using password: NO) in /home/ubuntu/workspace/anorli/final/pages/report.php on line 18
[07-Dec-2017 09:15:07 UTC] PHP Stack trace:
[07-Dec-2017 09:15:07 UTC] PHP   1. {main}() /home/ubuntu/workspace/anorli/final/pages/report.php:0
[07-Dec-2017 09:15:07 UTC] PHP   2. mysql_query() /home/ubuntu/workspace/anorli/final/pages/report.php:18
[07-Dec-2017 09:15:07 UTC] PHP Warning:  mysql_query(): A link to the server could not be established in /home/ubuntu/workspace/anorli/final/pages/report.php on line 18
[07-Dec-2017 09:15:07 UTC] PHP Stack trace:
[07-Dec-2017 09:15:07 UTC] PHP   1. {main}() /home/ubuntu/workspace/anorli/final/pages/report.php:0
[07-Dec-2017 09:15:07 UTC] PHP   2. mysql_query() /home/ubuntu/workspace/anorli/final/pages/report.php:18
[07-Dec-2017 09:15:07 UTC] PHP Warning:  mysql_fetch_assoc() expects parameter 1 to be resource, boolean given in /home/ubuntu/workspace/anorli/final/pages/report.php on line 20
[07-Dec-2017 09:15:07 UTC] PHP Stack trace:
[07-Dec-2017 09:15:07 UTC] PHP   1. {main}() /home/ubuntu/workspace/anorli/final/pages/report.php:0
[07-Dec-2017 09:15:07 UTC] PHP   2. mysql_fetch_assoc() /home/ubuntu/workspace/anorli/final/pages/report.php:20
[07-Dec-2017 09:16:26 UTC] PHP Warning:  mysql_query(): Access denied for user ''@'localhost' (using password: NO) in /home/ubuntu/workspace/anorli/final/pages/report.php on line 18
[07-Dec-2017 09:16:26 UTC] PHP Stack trace:
[07-Dec-2017 09:16:26 UTC] PHP   1. {main}() /home/ubuntu/workspace/anorli/final/pages/report.php:0
[07-Dec-2017 09:16:26 UTC] PHP   2. mysql_query() /home/ubuntu/workspace/anorli/final/pages/report.php:18
[07-Dec-2017 09:16:26 UTC] PHP Warning:  mysql_query(): A link to the server could not be established in /home/ubuntu/workspace/anorli/final/pages/report.php on line 18
[07-Dec-2017 09:16:26 UTC] PHP Stack trace:
[07-Dec-2017 09:16:26 UTC] PHP   1. {main}() /home/ubuntu/workspace/anorli/final/pages/report.php:0
[07-Dec-2017 09:16:26 UTC] PHP   2. mysql_query() /home/ubuntu/workspace/anorli/final/pages/report.php:18
[07-Dec-2017 09:19:10 UTC] PHP Warning:  mysql_fetch_assoc() expects parameter 1 to be resource, array given in /home/ubuntu/workspace/anorli/final/pages/report.php on line 21
[07-Dec-2017 09:19:10 UTC] PHP Stack trace:
[07-Dec-2017 09:19:10 UTC] PHP   1. {main}() /home/ubuntu/workspace/anorli/final/pages/report.php:0
[07-Dec-2017 09:19:10 UTC] PHP   2. mysql_fetch_assoc() /home/ubuntu/workspace/anorli/final/pages/report.php:21
[07-Dec-2017 09:19:24 UTC] PHP Fatal error:  Allowed memory size of 134217728 bytes exhausted (tried to allocate 32 bytes) in /home/ubuntu/workspace/anorli/final/pages/report.php on line 22
[07-Dec-2017 09:19:24 UTC] PHP Stack trace:
[07-Dec-2017 09:19:24 UTC] PHP   1. {main}() /home/ubuntu/workspace/anorli/final/pages/report.php:0
[07-Dec-2017 09:25:15 UTC] PHP Parse error:  syntax error, unexpected '}', expecting ',' or ';' in /home/ubuntu/workspace/anorli/final/pages/report.php on line 28
[07-Dec-2017 09:26:26 UTC] PHP Parse error:  syntax error, unexpected '}', expecting ',' or ';' in /home/ubuntu/workspace/anorli/final/pages/report.php on line 26
[07-Dec-2017 09:37:58 UTC] PHP Fatal error:  Cannot use [] for reading in /home/ubuntu/workspace/anorli/final/pages/report.php on line 24
[07-Dec-2017 09:49:30 UTC] PHP Parse error:  syntax error, unexpected 'in' (T_STRING), expecting ';' in /home/ubuntu/workspace/anorli/final/pages/report.php on line 19
[07-Dec-2017 09:50:24 UTC] PHP Parse error:  syntax error, unexpected 'in' (T_STRING), expecting ';' in /home/ubuntu/workspace/anorli/final/pages/report.php on line 19
[07-Dec-2017 09:50:47 UTC] PHP Parse error:  syntax error, unexpected 'as' (T_AS), expecting ';' in /home/ubuntu/workspace/anorli/final/pages/report.php on line 19
[07-Dec-2017 10:22:12 UTC] PHP Parse error:  syntax error, unexpected 'echo' (T_ECHO), expecting ',' or ';' in /home/ubuntu/workspace/anorli/final/pages/admin.php on line 27
[07-Dec-2017 10:22:20 UTC] PHP Parse error:  syntax error, unexpected 'echo' (T_ECHO), expecting ',' or ';' in /home/ubuntu/workspace/anorli/final/pages/admin.php on line 27
