[05-Sep-2017 18:09:58 UTC] PHP Parse error:  syntax error, unexpected '}' in /home/ubuntu/workspace/anorli/labs/lab2/index.php on line 16
[07-Sep-2017 08:19:33 UTC] PHP Warning:  array_search() expects parameter 2 to be array, null given in /home/ubuntu/workspace/anorli/labs/lab2/index.php on line 19
[07-Sep-2017 08:19:33 UTC] PHP Stack trace:
[07-Sep-2017 08:19:33 UTC] PHP   1. {main}() /home/ubuntu/workspace/anorli/labs/lab2/index.php:0
[07-Sep-2017 08:19:33 UTC] PHP   2. displayPoints() /home/ubuntu/workspace/anorli/labs/lab2/index.php:41
[07-Sep-2017 08:19:33 UTC] PHP   3. array_search() /home/ubuntu/workspace/anorli/labs/lab2/index.php:19
[07-Sep-2017 08:21:50 UTC] PHP Warning:  array_search() expects parameter 2 to be array, null given in /home/ubuntu/workspace/anorli/labs/lab2/index.php on line 19
[07-Sep-2017 08:21:50 UTC] PHP Stack trace:
[07-Sep-2017 08:21:50 UTC] PHP   1. {main}() /home/ubuntu/workspace/anorli/labs/lab2/index.php:0
[07-Sep-2017 08:21:50 UTC] PHP   2. displayPoints() /home/ubuntu/workspace/anorli/labs/lab2/index.php:41
[07-Sep-2017 08:21:50 UTC] PHP   3. array_search() /home/ubuntu/workspace/anorli/labs/lab2/index.php:19
[07-Sep-2017 08:21:50 UTC] PHP Warning:  array_search() expects parameter 2 to be array, null given in /home/ubuntu/workspace/anorli/labs/lab2/index.php on line 19
[07-Sep-2017 08:21:50 UTC] PHP Stack trace:
[07-Sep-2017 08:21:50 UTC] PHP   1. {main}() /home/ubuntu/workspace/anorli/labs/lab2/index.php:0
[07-Sep-2017 08:21:50 UTC] PHP   2. displayPoints() /home/ubuntu/workspace/anorli/labs/lab2/index.php:41
[07-Sep-2017 08:21:50 UTC] PHP   3. array_search() /home/ubuntu/workspace/anorli/labs/lab2/index.php:19
[07-Sep-2017 08:22:54 UTC] PHP Parse error:  syntax error, unexpected 'else' (T_ELSE) in /home/ubuntu/workspace/anorli/labs/lab2/index.php on line 33
[07-Sep-2017 08:22:55 UTC] PHP Parse error:  syntax error, unexpected 'else' (T_ELSE) in /home/ubuntu/workspace/anorli/labs/lab2/index.php on line 33
[07-Sep-2017 08:24:46 UTC] PHP Parse error:  syntax error, unexpected end of file in /home/ubuntu/workspace/anorli/labs/lab2/index.php on line 47
[07-Sep-2017 08:25:13 UTC] PHP Parse error:  syntax error, unexpected end of file in /home/ubuntu/workspace/anorli/labs/lab2/index.php on line 48
[07-Sep-2017 08:25:14 UTC] PHP Parse error:  syntax error, unexpected end of file in /home/ubuntu/workspace/anorli/labs/lab2/index.php on line 48
[07-Sep-2017 08:25:24 UTC] PHP Parse error:  syntax error, unexpected 'else' (T_ELSE) in /home/ubuntu/workspace/anorli/labs/lab2/index.php on line 34
[07-Sep-2017 08:25:25 UTC] PHP Parse error:  syntax error, unexpected 'else' (T_ELSE) in /home/ubuntu/workspace/anorli/labs/lab2/index.php on line 34
[07-Sep-2017 08:26:39 UTC] PHP Warning:  array_search() expects parameter 2 to be array, null given in /home/ubuntu/workspace/anorli/labs/lab2/index.php on line 20
[07-Sep-2017 08:26:39 UTC] PHP Stack trace:
[07-Sep-2017 08:26:39 UTC] PHP   1. {main}() /home/ubuntu/workspace/anorli/labs/lab2/index.php:0
[07-Sep-2017 08:26:39 UTC] PHP   2. displayPoints() /home/ubuntu/workspace/anorli/labs/lab2/index.php:42
[07-Sep-2017 08:26:39 UTC] PHP   3. array_search() /home/ubuntu/workspace/anorli/labs/lab2/index.php:20
[07-Sep-2017 08:32:30 UTC] PHP Fatal error:  Call to undefined function displaySymbol() in /home/ubuntu/workspace/anorli/labs/lab2/index.php on line 21
[07-Sep-2017 08:32:30 UTC] PHP Stack trace:
[07-Sep-2017 08:32:30 UTC] PHP   1. {main}() /home/ubuntu/workspace/anorli/labs/lab2/index.php:0
[07-Sep-2017 08:32:47 UTC] PHP Fatal error:  Call to undefined function displaySymbol() in /home/ubuntu/workspace/anorli/labs/lab2/index.php on line 21
[07-Sep-2017 08:32:47 UTC] PHP Stack trace:
[07-Sep-2017 08:32:47 UTC] PHP   1. {main}() /home/ubuntu/workspace/anorli/labs/lab2/index.php:0
[07-Sep-2017 08:32:48 UTC] PHP Fatal error:  Call to undefined function displaySymbol() in /home/ubuntu/workspace/anorli/labs/lab2/index.php on line 21
[07-Sep-2017 08:32:48 UTC] PHP Stack trace:
[07-Sep-2017 08:32:48 UTC] PHP   1. {main}() /home/ubuntu/workspace/anorli/labs/lab2/index.php:0
[07-Sep-2017 08:32:48 UTC] PHP Fatal error:  Call to undefined function displaySymbol() in /home/ubuntu/workspace/anorli/labs/lab2/index.php on line 21
[07-Sep-2017 08:32:48 UTC] PHP Stack trace:
[07-Sep-2017 08:32:48 UTC] PHP   1. {main}() /home/ubuntu/workspace/anorli/labs/lab2/index.php:0
[07-Sep-2017 08:32:49 UTC] PHP Fatal error:  Call to undefined function displaySymbol() in /home/ubuntu/workspace/anorli/labs/lab2/index.php on line 21
[07-Sep-2017 08:32:49 UTC] PHP Stack trace:
[07-Sep-2017 08:32:49 UTC] PHP   1. {main}() /home/ubuntu/workspace/anorli/labs/lab2/index.php:0
[07-Sep-2017 08:32:49 UTC] PHP Fatal error:  Call to undefined function displaySymbol() in /home/ubuntu/workspace/anorli/labs/lab2/index.php on line 21
[07-Sep-2017 08:32:49 UTC] PHP Stack trace:
[07-Sep-2017 08:32:49 UTC] PHP   1. {main}() /home/ubuntu/workspace/anorli/labs/lab2/index.php:0
[07-Sep-2017 08:32:50 UTC] PHP Fatal error:  Call to undefined function displaySymbol() in /home/ubuntu/workspace/anorli/labs/lab2/index.php on line 21
[07-Sep-2017 08:32:50 UTC] PHP Stack trace:
[07-Sep-2017 08:32:50 UTC] PHP   1. {main}() /home/ubuntu/workspace/anorli/labs/lab2/index.php:0
[07-Sep-2017 08:32:57 UTC] PHP Warning:  array_search() expects parameter 2 to be array, null given in /home/ubuntu/workspace/anorli/labs/lab2/index.php on line 15
[07-Sep-2017 08:32:57 UTC] PHP Stack trace:
[07-Sep-2017 08:32:57 UTC] PHP   1. {main}() /home/ubuntu/workspace/anorli/labs/lab2/index.php:0
[07-Sep-2017 08:32:57 UTC] PHP   2. displayPoints() /home/ubuntu/workspace/anorli/labs/lab2/index.php:28
[07-Sep-2017 08:32:57 UTC] PHP   3. array_search() /home/ubuntu/workspace/anorli/labs/lab2/index.php:15
[07-Sep-2017 08:32:58 UTC] PHP Warning:  array_search() expects parameter 2 to be array, null given in /home/ubuntu/workspace/anorli/labs/lab2/index.php on line 15
[07-Sep-2017 08:32:58 UTC] PHP Stack trace:
[07-Sep-2017 08:32:58 UTC] PHP   1. {main}() /home/ubuntu/workspace/anorli/labs/lab2/index.php:0
[07-Sep-2017 08:32:58 UTC] PHP   2. displayPoints() /home/ubuntu/workspace/anorli/labs/lab2/index.php:28
[07-Sep-2017 08:32:58 UTC] PHP   3. array_search() /home/ubuntu/workspace/anorli/labs/lab2/index.php:15
[07-Sep-2017 08:32:59 UTC] PHP Warning:  array_search() expects parameter 2 to be array, null given in /home/ubuntu/workspace/anorli/labs/lab2/index.php on line 15
[07-Sep-2017 08:32:59 UTC] PHP Stack trace:
[07-Sep-2017 08:32:59 UTC] PHP   1. {main}() /home/ubuntu/workspace/anorli/labs/lab2/index.php:0
[07-Sep-2017 08:32:59 UTC] PHP   2. displayPoints() /home/ubuntu/workspace/anorli/labs/lab2/index.php:28
[07-Sep-2017 08:32:59 UTC] PHP   3. array_search() /home/ubuntu/workspace/anorli/labs/lab2/index.php:15
[07-Sep-2017 08:33:07 UTC] PHP Warning:  array_search() expects parameter 2 to be array, null given in /home/ubuntu/workspace/anorli/labs/lab2/index.php on line 15
[07-Sep-2017 08:33:07 UTC] PHP Stack trace:
[07-Sep-2017 08:33:07 UTC] PHP   1. {main}() /home/ubuntu/workspace/anorli/labs/lab2/index.php:0
[07-Sep-2017 08:33:07 UTC] PHP   2. displayPoints() /home/ubuntu/workspace/anorli/labs/lab2/index.php:28
[07-Sep-2017 08:33:07 UTC] PHP   3. array_search() /home/ubuntu/workspace/anorli/labs/lab2/index.php:15
[07-Sep-2017 08:33:07 UTC] PHP Warning:  array_search() expects parameter 2 to be array, null given in /home/ubuntu/workspace/anorli/labs/lab2/index.php on line 15
[07-Sep-2017 08:33:07 UTC] PHP Stack trace:
[07-Sep-2017 08:33:07 UTC] PHP   1. {main}() /home/ubuntu/workspace/anorli/labs/lab2/index.php:0
[07-Sep-2017 08:33:07 UTC] PHP   2. displayPoints() /home/ubuntu/workspace/anorli/labs/lab2/index.php:28
[07-Sep-2017 08:33:07 UTC] PHP   3. array_search() /home/ubuntu/workspace/anorli/labs/lab2/index.php:15
[07-Sep-2017 08:33:08 UTC] PHP Warning:  array_search() expects parameter 2 to be array, null given in /home/ubuntu/workspace/anorli/labs/lab2/index.php on line 15
[07-Sep-2017 08:33:08 UTC] PHP Stack trace:
[07-Sep-2017 08:33:08 UTC] PHP   1. {main}() /home/ubuntu/workspace/anorli/labs/lab2/index.php:0
[07-Sep-2017 08:33:08 UTC] PHP   2. displayPoints() /home/ubuntu/workspace/anorli/labs/lab2/index.php:28
[07-Sep-2017 08:33:08 UTC] PHP   3. array_search() /home/ubuntu/workspace/anorli/labs/lab2/index.php:15
[07-Sep-2017 08:33:35 UTC] PHP Warning:  array_search() expects parameter 2 to be array, null given in /home/ubuntu/workspace/anorli/labs/lab2/index.php on line 15
[07-Sep-2017 08:33:35 UTC] PHP Stack trace:
[07-Sep-2017 08:33:35 UTC] PHP   1. {main}() /home/ubuntu/workspace/anorli/labs/lab2/index.php:0
[07-Sep-2017 08:33:35 UTC] PHP   2. displayPoints() /home/ubuntu/workspace/anorli/labs/lab2/index.php:28
[07-Sep-2017 08:33:35 UTC] PHP   3. array_search() /home/ubuntu/workspace/anorli/labs/lab2/index.php:15
[07-Sep-2017 09:11:52 UTC] PHP Parse error:  syntax error, unexpected 'if' (T_IF) in /home/ubuntu/workspace/anorli/labs/lab2/index.php on line 35
[07-Sep-2017 09:17:55 UTC] PHP Fatal error:  Call to undefined function generateRandomSymbols() in /home/ubuntu/workspace/anorli/labs/lab2/index.php on line 11
[07-Sep-2017 09:17:55 UTC] PHP Stack trace:
[07-Sep-2017 09:17:55 UTC] PHP   1. {main}() /home/ubuntu/workspace/anorli/labs/lab2/index.php:0
[07-Sep-2017 09:27:09 UTC] PHP Warning:  array_search() expects parameter 2 to be array, null given in /home/ubuntu/workspace/anorli/labs/lab2/functions.php on line 11
[07-Sep-2017 09:27:09 UTC] PHP Stack trace:
[07-Sep-2017 09:27:09 UTC] PHP   1. {main}() /home/ubuntu/workspace/anorli/labs/lab2/index.php:0
[07-Sep-2017 09:27:09 UTC] PHP   2. displayPoints() /home/ubuntu/workspace/anorli/labs/lab2/index.php:14
[07-Sep-2017 09:27:09 UTC] PHP   3. array_search() /home/ubuntu/workspace/anorli/labs/lab2/functions.php:11
[07-Sep-2017 17:09:59 UTC] PHP Fatal error:  Call to undefined function calculatePoints() in /home/ubuntu/workspace/anorli/labs/lab2/index.php on line 14
[07-Sep-2017 17:09:59 UTC] PHP Stack trace:
[07-Sep-2017 17:09:59 UTC] PHP   1. {main}() /home/ubuntu/workspace/anorli/labs/lab2/index.php:0
[07-Sep-2017 18:07:04 UTC] PHP Fatal error:  Call to undefined function displayPoints() in /home/ubuntu/workspace/anorli/labs/lab2/index.php on line 14
[07-Sep-2017 18:07:04 UTC] PHP Stack trace:
[07-Sep-2017 18:07:04 UTC] PHP   1. {main}() /home/ubuntu/workspace/anorli/labs/lab2/index.php:0
[07-Sep-2017 18:15:13 UTC] PHP Fatal error:  Allowed memory size of 134217728 bytes exhausted (tried to allocate 72 bytes) in /home/ubuntu/workspace/anorli/labs/lab2/functions.php on line 18
[07-Sep-2017 18:15:13 UTC] PHP Stack trace:
[07-Sep-2017 18:15:13 UTC] PHP   1. {main}() /home/ubuntu/workspace/anorli/labs/lab2/index.php:0
[07-Sep-2017 18:15:13 UTC] PHP   2. play() /home/ubuntu/workspace/anorli/labs/lab2/index.php:25
[07-Sep-2017 18:15:13 UTC] PHP   3. generateRandomSymbols() /home/ubuntu/workspace/anorli/labs/lab2/index.php:17
[07-Sep-2017 18:34:03 UTC] PHP Parse error:  syntax error, unexpected end of file in /home/ubuntu/workspace/anorli/labs/lab2/index.php on line 29
[07-Sep-2017 18:34:04 UTC] PHP Parse error:  syntax error, unexpected end of file in /home/ubuntu/workspace/anorli/labs/lab2/index.php on line 29
[07-Sep-2017 18:40:57 UTC] PHP Parse error:  syntax error, unexpected ')' in /home/ubuntu/workspace/anorli/labs/lab2/functions.php on line 10
[07-Sep-2017 18:40:57 UTC] PHP Stack trace:
[07-Sep-2017 18:40:57 UTC] PHP   1. {main}() /home/ubuntu/workspace/anorli/labs/lab2/index.php:0
[07-Sep-2017 21:48:21 UTC] PHP Parse error:  syntax error, unexpected '$_SESSION' (T_VARIABLE), expecting ',' or ';' in /home/ubuntu/workspace/anorli/labs/lab2/index.php on line 2
[07-Sep-2017 21:48:46 UTC] PHP Parse error:  syntax error, unexpected '$_SESSION' (T_VARIABLE) in /home/ubuntu/workspace/anorli/labs/lab2/index.php on line 3
[08-Sep-2017 05:25:53 UTC] PHP Parse error:  syntax error, unexpected '$_SESSION' (T_VARIABLE) in /home/ubuntu/workspace/anorli/labs/lab2/index.php on line 3
